0 info it worked if it ends with ok
1 verbose cli [ 'node', '/usr/local/bin/npm', 'update', '-g', 'bower' ]
2 info using npm@1.4.21
3 info using node@v0.11.12
4 verbose request where is /bower
5 verbose request registry https://registry.npmjs.org/
6 verbose request id c7743aafd279bed3
7 verbose url raw /bower
8 verbose url resolving [ 'https://registry.npmjs.org/', './bower' ]
9 verbose url resolved https://registry.npmjs.org/bower
10 verbose request where is https://registry.npmjs.org/bower
11 info trying registry request attempt 1 at 19:54:36
12 verbose etag "84IOA8Z7F5VX975KUR9UAGBOB"
13 http GET https://registry.npmjs.org/bower
14 http 304 https://registry.npmjs.org/bower
15 silly registry.get cb [ 304,
15 silly registry.get   { date: 'Sun, 10 Aug 2014 03:01:27 GMT',
15 silly registry.get     server: 'Apache',
15 silly registry.get     via: '1.1 varnish',
15 silly registry.get     'last-modified': 'Sun, 10 Aug 2014 03:01:27 GMT',
15 silly registry.get     'cache-control': 'max-age=60',
15 silly registry.get     etag: '"84IOA8Z7F5VX975KUR9UAGBOB"',
15 silly registry.get     'x-served-by': 'cache-sjc3131-SJC',
15 silly registry.get     'x-cache': 'HIT',
15 silly registry.get     'x-cache-hits': '1',
15 silly registry.get     'x-timer': 'S1407639687.990623,VS0,VE0',
15 silly registry.get     vary: 'Accept',
15 silly registry.get     'content-length': '0',
15 silly registry.get     connection: 'close' } ]
16 verbose etag https://registry.npmjs.org/bower from cache
17 verbose request where is /bower
18 verbose request registry https://registry.npmjs.org/
19 verbose url raw /bower
20 verbose url resolving [ 'https://registry.npmjs.org/', './bower' ]
21 verbose url resolved https://registry.npmjs.org/bower
22 verbose request where is https://registry.npmjs.org/bower
23 info trying registry request attempt 1 at 19:54:38
24 verbose etag "84IOA8Z7F5VX975KUR9UAGBOB"
25 http GET https://registry.npmjs.org/bower
26 http 304 https://registry.npmjs.org/bower
27 silly registry.get cb [ 304,
27 silly registry.get   { date: 'Sun, 10 Aug 2014 03:01:30 GMT',
27 silly registry.get     server: 'Apache',
27 silly registry.get     via: '1.1 varnish',
27 silly registry.get     'last-modified': 'Sun, 10 Aug 2014 03:01:30 GMT',
27 silly registry.get     'cache-control': 'max-age=60',
27 silly registry.get     etag: '"84IOA8Z7F5VX975KUR9UAGBOB"',
27 silly registry.get     'x-served-by': 'cache-sjc3129-SJC',
27 silly registry.get     'x-cache': 'HIT',
27 silly registry.get     'x-cache-hits': '1',
27 silly registry.get     'x-timer': 'S1407639690.415114,VS0,VE0',
27 silly registry.get     vary: 'Accept',
27 silly registry.get     'content-length': '0',
27 silly registry.get     connection: 'close' } ]
28 verbose etag https://registry.npmjs.org/bower from cache
29 info outdated updating [ [ '/usr/local/lib', 'bower', '1.3.8', '1.3.9', '1.3.9', 'latest' ],
29 info outdated   [ '/usr/local/lib/node_modules/ember-cli',
29 info outdated     'bower',
29 info outdated     '1.3.8',
29 info outdated     '1.3.9',
29 info outdated     '1.3.9',
29 info outdated     '^1.3.5' ] ]
30 verbose install where,what [ '/usr/local/lib', [ 'bower@1.3.9' ] ]
31 verbose install where,what [ '/usr/local/lib/node_modules/ember-cli', [ 'bower@1.3.9' ] ]
32 verbose cache add [ 'bower@1.3.9', null ]
33 verbose cache add name=undefined spec="bower@1.3.9" args=["bower@1.3.9",null]
34 verbose parsed url { protocol: null,
34 verbose parsed url   slashes: null,
34 verbose parsed url   auth: null,
34 verbose parsed url   host: null,
34 verbose parsed url   port: null,
34 verbose parsed url   hostname: null,
34 verbose parsed url   hash: null,
34 verbose parsed url   search: null,
34 verbose parsed url   query: null,
34 verbose parsed url   pathname: 'bower@1.3.9',
34 verbose parsed url   path: 'bower@1.3.9',
34 verbose parsed url   href: 'bower@1.3.9' }
35 verbose cache add name="bower" spec="1.3.9" args=["bower","1.3.9"]
36 verbose parsed url { protocol: null,
36 verbose parsed url   slashes: null,
36 verbose parsed url   auth: null,
36 verbose parsed url   host: null,
36 verbose parsed url   port: null,
36 verbose parsed url   hostname: null,
36 verbose parsed url   hash: null,
36 verbose parsed url   search: null,
36 verbose parsed url   query: null,
36 verbose parsed url   pathname: '1.3.9',
36 verbose parsed url   path: '1.3.9',
36 verbose parsed url   href: '1.3.9' }
37 verbose addNamed [ 'bower', '1.3.9' ]
38 verbose addNamed [ '1.3.9', '1.3.9' ]
39 silly lockFile 4c0b32f5-bower-1-3-9 bower@1.3.9
40 verbose lock bower@1.3.9 /home/johnj/.npm/4c0b32f5-bower-1-3-9.lock
41 verbose readDependencies using package.json deps
42 verbose cache add [ 'bower@1.3.9', null ]
43 verbose cache add name=undefined spec="bower@1.3.9" args=["bower@1.3.9",null]
44 verbose parsed url { protocol: null,
44 verbose parsed url   slashes: null,
44 verbose parsed url   auth: null,
44 verbose parsed url   host: null,
44 verbose parsed url   port: null,
44 verbose parsed url   hostname: null,
44 verbose parsed url   hash: null,
44 verbose parsed url   search: null,
44 verbose parsed url   query: null,
44 verbose parsed url   pathname: 'bower@1.3.9',
44 verbose parsed url   path: 'bower@1.3.9',
44 verbose parsed url   href: 'bower@1.3.9' }
45 verbose cache add name="bower" spec="1.3.9" args=["bower","1.3.9"]
46 verbose parsed url { protocol: null,
46 verbose parsed url   slashes: null,
46 verbose parsed url   auth: null,
46 verbose parsed url   host: null,
46 verbose parsed url   port: null,
46 verbose parsed url   hostname: null,
46 verbose parsed url   hash: null,
46 verbose parsed url   search: null,
46 verbose parsed url   query: null,
46 verbose parsed url   pathname: '1.3.9',
46 verbose parsed url   path: '1.3.9',
46 verbose parsed url   href: '1.3.9' }
47 verbose addNamed [ 'bower', '1.3.9' ]
48 verbose registry.get https://registry.npmjs.org/bower not expired, no request
49 silly lockFile 4c0b32f5-bower-1-3-9 bower@1.3.9
50 silly lockFile 4c0b32f5-bower-1-3-9 bower@1.3.9
51 silly resolved [ { name: 'bower',
51 silly resolved     version: '1.3.9',
51 silly resolved     description: 'The browser package manager',
51 silly resolved     author: { name: 'Twitter' },
51 silly resolved     licenses: [ [Object] ],
51 silly resolved     repository: { type: 'git', url: 'git://github.com/bower/bower' },
51 silly resolved     main: 'lib',
51 silly resolved     homepage: 'http://bower.io',
51 silly resolved     engines: { node: '>=0.10.0' },
51 silly resolved     dependencies:
51 silly resolved      { abbrev: '~1.0.4',
51 silly resolved        archy: '0.0.2',
51 silly resolved        'bower-config': '~0.5.2',
51 silly resolved        'bower-endpoint-parser': '~0.2.2',
51 silly resolved        'bower-json': '~0.4.0',
51 silly resolved        'bower-logger': '~0.2.2',
51 silly resolved        'bower-registry-client': '~0.2.0',
51 silly resolved        cardinal: '~0.4.0',
51 silly resolved        chalk: '~0.5.0',
51 silly resolved        chmodr: '~0.1.0',
51 silly resolved        'decompress-zip': '0.0.6',
51 silly resolved        fstream: '~0.1.22',
51 silly resolved        'fstream-ignore': '0.0.6',
51 silly resolved        glob: '~4.0.2',
51 silly resolved        'graceful-fs': '~3.0.1',
51 silly resolved        handlebars: '~1.3.0',
51 silly resolved        inquirer: '~0.5.1',
51 silly resolved        insight: '~0.4.1',
51 silly resolved        'is-root': '~0.1.0',
51 silly resolved        junk: '~0.3.0',
51 silly resolved        lockfile: '~0.4.2',
51 silly resolved        'lru-cache': '~2.5.0',
51 silly resolved        mkdirp: '~0.5.0',
51 silly resolved        mout: '~0.9.1',
51 silly resolved        nopt: '~3.0.0',
51 silly resolved        opn: '~0.1.1',
51 silly resolved        osenv: '~0.1.0',
51 silly resolved        'p-throttler': '0.0.1',
51 silly resolved        promptly: '~0.2.0',
51 silly resolved        q: '~1.0.1',
51 silly resolved        request: '~2.36.0',
51 silly resolved        'request-progress': '~0.3.0',
51 silly resolved        retry: '~0.6.0',
51 silly resolved        rimraf: '~2.2.0',
51 silly resolved        semver: '~2.3.0',
51 silly resolved        'shell-quote': '~1.4.1',
51 silly resolved        'stringify-object': '~0.2.0',
51 silly resolved        tar: '~0.1.17',
51 silly resolved        tmp: '0.0.23',
51 silly resolved        'update-notifier': '~0.2.0',
51 silly resolved        which: '~1.0.5' },
51 silly resolved     devDependencies:
51 silly resolved      { coveralls: '~2.11.0',
51 silly resolved        'expect.js': '~0.3.1',
51 silly resolved        grunt: '~0.4.4',
51 silly resolved        'grunt-contrib-jshint': '~0.10.0',
51 silly resolved        'grunt-contrib-watch': '~0.6.1',
51 silly resolved        'grunt-exec': '~0.4.2',
51 silly resolved        'grunt-simple-mocha': '~0.4.0',
51 silly resolved        istanbul: '~0.2.4',
51 silly resolved        'load-grunt-tasks': '~0.6.0',
51 silly resolved        mocha: '~1.20.1',
51 silly resolved        nock: '~0.41.0',
51 silly resolved        'node-uuid': '~1.4.1',
51 silly resolved        proxyquire: '~1.0.1' },
51 silly resolved     scripts: { test: 'grunt test' },
51 silly resolved     bin: { bower: 'bin/bower' },
51 silly resolved     preferGlobal: true,
51 silly resolved     gitHead: 'a069d1e07d46b81c5a69e391506028f9b076b39d',
51 silly resolved     bugs: { url: 'https://github.com/bower/bower/issues' },
51 silly resolved     _id: 'bower@1.3.9',
51 silly resolved     _shasum: '786d4addfc523e875089ccc1ef8d5a6d6e91a2c6',
51 silly resolved     _from: 'bower@1.3.9',
51 silly resolved     _npmVersion: '1.4.14',
51 silly resolved     _npmUser: { name: 'sindresorhus', email: 'sindresorhus@gmail.com' },
51 silly resolved     maintainers: [ [Object], [Object], [Object], [Object], [Object], [Object] ],
51 silly resolved     dist:
51 silly resolved      { shasum: '786d4addfc523e875089ccc1ef8d5a6d6e91a2c6',
51 silly resolved        tarball: 'http://registry.npmjs.org/bower/-/bower-1.3.9.tgz' },
51 silly resolved     directories: {},
51 silly resolved     _resolved: 'https://registry.npmjs.org/bower/-/bower-1.3.9.tgz',
51 silly resolved     readme: 'ERROR: No README data found!' } ]
52 info install bower@1.3.9 into /usr/local/lib
53 info installOne bower@1.3.9
54 silly resolved [ { name: 'bower',
54 silly resolved     version: '1.3.9',
54 silly resolved     description: 'The browser package manager',
54 silly resolved     author: { name: 'Twitter' },
54 silly resolved     licenses: [ [Object] ],
54 silly resolved     repository: { type: 'git', url: 'git://github.com/bower/bower' },
54 silly resolved     main: 'lib',
54 silly resolved     homepage: 'http://bower.io',
54 silly resolved     engines: { node: '>=0.10.0' },
54 silly resolved     dependencies:
54 silly resolved      { abbrev: '~1.0.4',
54 silly resolved        archy: '0.0.2',
54 silly resolved        'bower-config': '~0.5.2',
54 silly resolved        'bower-endpoint-parser': '~0.2.2',
54 silly resolved        'bower-json': '~0.4.0',
54 silly resolved        'bower-logger': '~0.2.2',
54 silly resolved        'bower-registry-client': '~0.2.0',
54 silly resolved        cardinal: '~0.4.0',
54 silly resolved        chalk: '~0.5.0',
54 silly resolved        chmodr: '~0.1.0',
54 silly resolved        'decompress-zip': '0.0.6',
54 silly resolved        fstream: '~0.1.22',
54 silly resolved        'fstream-ignore': '0.0.6',
54 silly resolved        glob: '~4.0.2',
54 silly resolved        'graceful-fs': '~3.0.1',
54 silly resolved        handlebars: '~1.3.0',
54 silly resolved        inquirer: '~0.5.1',
54 silly resolved        insight: '~0.4.1',
54 silly resolved        'is-root': '~0.1.0',
54 silly resolved        junk: '~0.3.0',
54 silly resolved        lockfile: '~0.4.2',
54 silly resolved        'lru-cache': '~2.5.0',
54 silly resolved        mkdirp: '~0.5.0',
54 silly resolved        mout: '~0.9.1',
54 silly resolved        nopt: '~3.0.0',
54 silly resolved        opn: '~0.1.1',
54 silly resolved        osenv: '~0.1.0',
54 silly resolved        'p-throttler': '0.0.1',
54 silly resolved        promptly: '~0.2.0',
54 silly resolved        q: '~1.0.1',
54 silly resolved        request: '~2.36.0',
54 silly resolved        'request-progress': '~0.3.0',
54 silly resolved        retry: '~0.6.0',
54 silly resolved        rimraf: '~2.2.0',
54 silly resolved        semver: '~2.3.0',
54 silly resolved        'shell-quote': '~1.4.1',
54 silly resolved        'stringify-object': '~0.2.0',
54 silly resolved        tar: '~0.1.17',
54 silly resolved        tmp: '0.0.23',
54 silly resolved        'update-notifier': '~0.2.0',
54 silly resolved        which: '~1.0.5' },
54 silly resolved     devDependencies:
54 silly resolved      { coveralls: '~2.11.0',
54 silly resolved        'expect.js': '~0.3.1',
54 silly resolved        grunt: '~0.4.4',
54 silly resolved        'grunt-contrib-jshint': '~0.10.0',
54 silly resolved        'grunt-contrib-watch': '~0.6.1',
54 silly resolved        'grunt-exec': '~0.4.2',
54 silly resolved        'grunt-simple-mocha': '~0.4.0',
54 silly resolved        istanbul: '~0.2.4',
54 silly resolved        'load-grunt-tasks': '~0.6.0',
54 silly resolved        mocha: '~1.20.1',
54 silly resolved        nock: '~0.41.0',
54 silly resolved        'node-uuid': '~1.4.1',
54 silly resolved        proxyquire: '~1.0.1' },
54 silly resolved     scripts: { test: 'grunt test' },
54 silly resolved     bin: { bower: 'bin/bower' },
54 silly resolved     preferGlobal: true,
54 silly resolved     gitHead: 'a069d1e07d46b81c5a69e391506028f9b076b39d',
54 silly resolved     bugs: { url: 'https://github.com/bower/bower/issues' },
54 silly resolved     _id: 'bower@1.3.9',
54 silly resolved     _shasum: '786d4addfc523e875089ccc1ef8d5a6d6e91a2c6',
54 silly resolved     _from: 'bower@1.3.9',
54 silly resolved     _npmVersion: '1.4.14',
54 silly resolved     _npmUser: { name: 'sindresorhus', email: 'sindresorhus@gmail.com' },
54 silly resolved     maintainers: [ [Object], [Object], [Object], [Object], [Object], [Object] ],
54 silly resolved     dist:
54 silly resolved      { shasum: '786d4addfc523e875089ccc1ef8d5a6d6e91a2c6',
54 silly resolved        tarball: 'http://registry.npmjs.org/bower/-/bower-1.3.9.tgz' },
54 silly resolved     directories: {},
54 silly resolved     _resolved: 'https://registry.npmjs.org/bower/-/bower-1.3.9.tgz',
54 silly resolved     readme: 'ERROR: No README data found!' } ]
55 info install bower@1.3.9 into /usr/local/lib/node_modules/ember-cli
56 info installOne bower@1.3.9
57 verbose lib/node_modules/bower unbuild
58 verbose lib/node_modules/ember-cli/node_modules/bower unbuild
59 info preuninstall bower@1.3.8
60 info uninstall bower@1.3.8
61 info preuninstall bower@1.3.8
62 verbose false,/usr/local/lib/node_modules,/usr/local/lib/node_modules/ember-cli/node_modules unbuild bower@1.3.8
63 verbose /usr/local/lib/node_modules/ember-cli/node_modules/.bin,[object Object] binRoot
64 info uninstall bower@1.3.8
65 verbose lib/node_modules/ember-cli/node_modules/bower unbuild
66 verbose true,/usr/local/lib/node_modules,/usr/local/lib/node_modules unbuild bower@1.3.8
67 verbose /usr/local/bin,[object Object] binRoot
68 verbose lib/node_modules/bower unbuild
69 info preuninstall bower@1.3.8
70 info uninstall bower@1.3.8
71 verbose false,/usr/local/lib/node_modules,/usr/local/lib/node_modules/ember-cli/node_modules unbuild bower@1.3.8
72 verbose /usr/local/lib/node_modules/ember-cli/node_modules/.bin,[object Object] binRoot
73 error error rolling back Error: EACCES, unlink '/usr/local/lib/node_modules/ember-cli/node_modules/.bin/bower'
73 error error rolling back  bower@1.3.9 { [Error: EACCES, unlink '/usr/local/lib/node_modules/ember-cli/node_modules/.bin/bower']
73 error error rolling back   stack: 'Error: EACCES, unlink \'/usr/local/lib/node_modules/ember-cli/node_modules/.bin/bower\'',
73 error error rolling back   errno: -13,
73 error error rolling back   code: 'EACCES',
73 error error rolling back   path: '/usr/local/lib/node_modules/ember-cli/node_modules/.bin/bower' }
74 error Error: EACCES, unlink '/usr/local/lib/node_modules/ember-cli/node_modules/.bin/bower'
74 error  { [Error: EACCES, unlink '/usr/local/lib/node_modules/ember-cli/node_modules/.bin/bower']
74 error   stack: 'Error: EACCES, unlink \'/usr/local/lib/node_modules/ember-cli/node_modules/.bin/bower\'',
74 error   errno: -13,
74 error   code: 'EACCES',
74 error   path: '/usr/local/lib/node_modules/ember-cli/node_modules/.bin/bower' }
75 error Please try running this command again as root/Administrator.
76 error System Linux 3.13-0.bpo.1-amd64
77 error command "node" "/usr/local/bin/npm" "update" "-g" "bower"
78 error cwd /home/johnj/rails_projects/angular_projects/ang-news
79 error node -v v0.11.12
80 error npm -v 1.4.21
81 error path /usr/local/lib/node_modules/ember-cli/node_modules/.bin/bower
82 error code EACCES
83 error errno -13
84 error stack Error: EACCES, unlink '/usr/local/lib/node_modules/ember-cli/node_modules/.bin/bower'
85 verbose exit [ -13, true ]
